Not searching for unused variables given on the command line.
[0mCMake Deprecation Warning at CMakeLists.txt:1 (cmake_minimum_required):
  Compatibility with CMake < 2.8.12 will be removed from a future version of
  CMake.

  Update the VERSION argument <min> value or use a ...<max> suffix to tell
  CMake that the project does not need compatibility with older versions.

[0m
[36m--[0m Using CATKIN_DEVEL_PREFIX: /home/tyh/DB_plan_Project/devel/.private/decomp_ros_utils
[36m--[0m Using CMAKE_PREFIX_PATH: /home/tyh/DB_plan_Project/devel;/opt/ros/noetic
[36m--[0m This workspace overlays: /home/tyh/DB_plan_Project/devel;/opt/ros/noetic
[36m--[0m Using PYTHON_EXECUTABLE: /usr/bin/python3
[36m--[0m Using Debian Python package layout
[36m--[0m Using empy: /usr/lib/python3/dist-packages/em.py
[36m--[0m Using CATKIN_ENABLE_TESTING: ON
[36m--[0m Call enable_testing()
[36m--[0m Using CATKIN_TEST_RESULTS_DIR: /home/tyh/DB_plan_Project/build/decomp_ros_utils/test_results
[36m--[0m Found gtest: gtests will be built
[36m--[0m Using Python nosetests: /usr/bin/nosetests3
[36m--[0m catkin 0.8.10
[36m--[0m BUILD_SHARED_LIBS is on
[36m--[0m Using these message generators: gencpp;geneus;genlisp;gennodejs;genpy
[36m--[0m Using Qt5 based on the rviz_QT_VERSION: 5.12.8
[36m--[0m Marking SHARED_LIBRARY "decomp_rviz_plugins" of package "decomp_ros_utils" for installation
[36m--[0m Marking HEADER FILES in "include" folder of package "decomp_ros_utils" for installation
[36m--[0m Configuring done
[36m--[0m Generating done
[36m--[0m Build files have been written to: /home/tyh/DB_plan_Project/build/decomp_ros_utils
