Not searching for unused variables given on the command line.
[0mCMake Deprecation Warning at CMakeLists.txt:1 (cmake_minimum_required):
  Compatibility with CMake < 2.8.12 will be removed from a future version of
  CMake.

  Update the VERSION argument <min> value or use a ...<max> suffix to tell
  CMake that the project does not need compatibility with older versions.

[0m
[36m--[0m Using CATKIN_DEVEL_PREFIX: /home/tyh/DB_plan_Project/devel/.private/decomp_ros_utils
[36m--[0m Using CMAKE_PREFIX_PATH: /home/tyh/DB_plan_Project/devel;/opt/ros/noetic
[36m--[0m This workspace overlays: /home/tyh/DB_plan_Project/devel;/opt/ros/noetic
[36m--[0m Using PYTHON_EXECUTABLE: /usr/bin/python3
[36m--[0m Using Debian Python package layout
[36m--[0m Using empy: /usr/lib/python3/dist-packages/em.py
[36m--[0m Using CATKIN_ENABLE_TESTING: ON
[36m--[0m Call enable_testing()
[36m--[0m Using CATKIN_TEST_RESULTS_DIR: /home/tyh/DB_plan_Project/build/decomp_ros_utils/test_results
[36m--[0m Found gtest: gtests will be built
[36m--[0m Using Python nosetests: /usr/bin/nosetests3
[36m--[0m catkin 0.8.10
[36m--[0m BUILD_SHARED_LIBS is on
[36m--[0m Using these message generators: gencpp;geneus;genlisp;gennodejs;genpy
[31mCMake Error at CMakeLists.txt:9 (find_package):
  By not providing "Finddecomp_util.cmake" in CMAKE_MODULE_PATH this project
  has asked CMake to find a package configuration file provided by
  "decomp_util", but CMake did not find one.

  Could not find a package configuration file provided by "decomp_util" with
  any of the following names:

    decomp_utilConfig.cmake
    decomp_util-config.cmake

  Add the installation prefix of "decomp_util" to CMAKE_PREFIX_PATH or set
  "decomp_util_DIR" to a directory containing one of the above files.  If
  "decomp_util" provides a separate development package or SDK, be sure it
  has been installed.

[0m
[36m--[0m Configuring incomplete, errors occurred!
See also "/home/tyh/DB_plan_Project/build/decomp_ros_utils/CMakeFiles/CMakeOutput.log".
